# JRE version: Java(TM) SE Runtime Environment (8.0_91-b14) (build 1.8.0_91-b14)
# Java VM: Java HotSpot(TM) 64-Bit Server VM (25.91-b14 mixed mode windows-amd64 compressed oops)
Heap:
 PSYoungGen      total 135680K, used 12076K [0x00000000e0000000, 0x00000000e9800000, 0x0000000100000000)
  eden space 123392K, 9% used [0x00000000e0000000,0x00000000e0bcb1f0,0x00000000e7880000)
  from space 12288K, 0% used [0x00000000e8480000,0x00000000e8480000,0x00000000e9080000)
  to   space 12288K, 0% used [0x00000000e7880000,0x00000000e7880000,0x00000000e8480000)
 ParOldGen       total 77824K, used 15053K [0x00000000a0000000, 0x00000000a4c00000, 0x00000000e0000000)
  object space 77824K, 19% used [0x00000000a0000000,0x00000000a0eb3598,0x00000000a4c00000)
 Metaspace       used 35181K, capacity 35694K, committed 36224K, reserved 1081344K
  class space    used 4802K, capacity 4934K, committed 4992K, reserved 1048576K
GC Heap History (10 events):
Event: 14.000 GC heap before
{Heap before GC invocations=6 (full 1):
 PSYoungGen      total 57344K, used 55183K [0x00000000e0000000, 0x00000000e5e00000, 0x0000000100000000)
  eden space 49152K, 100% used [0x00000000e0000000,0x00000000e3000000,0x00000000e3000000)
  from space 8192K, 73% used [0x00000000e3800000,0x00000000e3de3f80,0x00000000e4000000)
  to   space 8192K, 0% used [0x00000000e3000000,0x00000000e3000000,0x00000000e3800000)
 ParOldGen       total 77824K, used 8391K [0x00000000a0000000, 0x00000000a4c00000, 0x00000000e0000000)
  object space 77824K, 10% used [0x00000000a0000000,0x00000000a0831e98,0x00000000a4c00000)
 Metaspace       used 27733K, capacity 28246K, committed 28672K, reserved 1073152K
  class space    used 3881K, capacity 4027K, committed 4096K, reserved 1048576K
Event: 14.007 GC heap after
Heap after GC invocations=6 (full 1):
 PSYoungGen      total 57344K, used 5894K [0x00000000e0000000, 0x00000000e6100000, 0x0000000100000000)
  eden space 49152K, 0% used [0x00000000e0000000,0x00000000e0000000,0x00000000e3000000)
  from space 8192K, 71% used [0x00000000e3000000,0x00000000e35c18a8,0x00000000e3800000)
  to   space 10752K, 0% used [0x00000000e5680000,0x00000000e5680000,0x00000000e6100000)
 ParOldGen       total 77824K, used 8399K [0x00000000a0000000, 0x00000000a4c00000, 0x00000000e0000000)
  object space 77824K, 10% used [0x00000000a0000000,0x00000000a0833e98,0x00000000a4c00000)
 Metaspace       used 27733K, capacity 28246K, committed 28672K, reserved 1073152K
  class space    used 3881K, capacity 4027K, committed 4096K, reserved 1048576K
}
Event: 15.308 GC heap before
{Heap before GC invocations=7 (full 1):
 PSYoungGen      total 57344K, used 55046K [0x00000000e0000000, 0x00000000e6100000, 0x0000000100000000)
  eden space 49152K, 100% used [0x00000000e0000000,0x00000000e3000000,0x00000000e3000000)
  from space 8192K, 71% used [0x00000000e3000000,0x00000000e35c18a8,0x00000000e3800000)
  to   space 10752K, 0% used [0x00000000e5680000,0x00000000e5680000,0x00000000e6100000)
 ParOldGen       total 77824K, used 8399K [0x00000000a0000000, 0x00000000a4c00000, 0x00000000e0000000)
  object space 77824K, 10% used [0x00000000a0000000,0x00000000a0833e98,0x00000000a4c00000)
 Metaspace       used 28025K, capacity 28438K, committed 28672K, reserved 1073152K
  class space    used 3886K, capacity 4027K, committed 4096K, reserved 1048576K
Event: 15.315 GC heap after
Heap after GC invocations=7 (full 1):
 PSYoungGen      total 87552K, used 4468K [0x00000000e0000000, 0x00000000e6100000, 0x0000000100000000)
  eden space 76800K, 0% used [0x00000000e0000000,0x00000000e0000000,0x00000000e4b00000)
  from space 10752K, 41% used [0x00000000e5680000,0x00000000e5add030,0x00000000e6100000)
  to   space 11264K, 0% used [0x00000000e4b00000,0x00000000e4b00000,0x00000000e5600000)
 ParOldGen       total 77824K, used 8407K [0x00000000a0000000, 0x00000000a4c00000, 0x00000000e0000000)
  object space 77824K, 10% used [0x00000000a0000000,0x00000000a0835e98,0x00000000a4c00000)
 Metaspace       used 28025K, capacity 28438K, committed 28672K, reserved 1073152K
  class space    used 3886K, capacity 4027K, committed 4096K, reserved 1048576K
}
Event: 17.282 GC heap before
{Heap before GC invocations=8 (full 1):
 PSYoungGen      total 87552K, used 81268K [0x00000000e0000000, 0x00000000e6100000, 0x0000000100000000)
  eden space 76800K, 100% used [0x00000000e0000000,0x00000000e4b00000,0x00000000e4b00000)
  from space 10752K, 41% used [0x00000000e5680000,0x00000000e5add030,0x00000000e6100000)
  to   space 11264K, 0% used [0x00000000e4b00000,0x00000000e4b00000,0x00000000e5600000)
 ParOldGen       total 77824K, used 8407K [0x00000000a0000000, 0x00000000a4c00000, 0x00000000e0000000)
  object space 77824K, 10% used [0x00000000a0000000,0x00000000a0835e98,0x00000000a4c00000)
 Metaspace       used 33259K, capacity 33808K, committed 34304K, reserved 1079296K
  class space    used 4578K, capacity 4737K, committed 4864K, reserved 1048576K
Event: 17.315 GC heap after
Heap after GC invocations=8 (full 1):
 PSYoungGen      total 88064K, used 10518K [0x00000000e0000000, 0x00000000e9080000, 0x0000000100000000)
  eden space 76800K, 0% used [0x00000000e0000000,0x00000000e0000000,0x00000000e4b00000)
  from space 11264K, 93% used [0x00000000e4b00000,0x00000000e55459c8,0x00000000e5600000)
  to   space 12288K, 0% used [0x00000000e8480000,0x00000000e8480000,0x00000000e9080000)
 ParOldGen       total 77824K, used 8407K [0x00000000a0000000, 0x00000000a4c00000, 0x00000000e0000000)
  object space 77824K, 10% used [0x00000000a0000000,0x00000000a0835e98,0x00000000a4c00000)
 Metaspace       used 33259K, capacity 33808K, committed 34304K, reserved 1079296K
  class space    used 4578K, capacity 4737K, committed 4864K, reserved 1048576K
}
Event: 17.764 GC heap before
{Heap before GC invocations=9 (full 1):
 PSYoungGen      total 88064K, used 23761K [0x00000000e0000000, 0x00000000e9080000, 0x0000000100000000)
  eden space 76800K, 17% used [0x00000000e0000000,0x00000000e0ceeaa8,0x00000000e4b00000)
  from space 11264K, 93% used [0x00000000e4b00000,0x00000000e55459c8,0x00000000e5600000)
  to   space 12288K, 0% used [0x00000000e8480000,0x00000000e8480000,0x00000000e9080000)
 ParOldGen       total 77824K, used 8407K [0x00000000a0000000, 0x00000000a4c00000, 0x00000000e0000000)
  object space 77824K, 10% used [0x00000000a0000000,0x00000000a0835e98,0x00000000a4c00000)
 Metaspace       used 34566K, capacity 35054K, committed 35456K, reserved 1079296K
  class space    used 4733K, capacity 4870K, committed 4992K, reserved 1048576K
Event: 17.781 GC heap after
Heap after GC invocations=9 (full 1):
 PSYoungGen      total 135680K, used 6068K [0x00000000e0000000, 0x00000000e9800000, 0x0000000100000000)
  eden space 123392K, 0% used [0x00000000e0000000,0x00000000e0000000,0x00000000e7880000)
  from space 12288K, 49% used [0x00000000e8480000,0x00000000e8a6d028,0x00000000e9080000)
  to   space 12288K, 0% used [0x00000000e7880000,0x00000000e7880000,0x00000000e8480000)
 ParOldGen       total 77824K, used 10787K [0x00000000a0000000, 0x00000000a4c00000, 0x00000000e0000000)
  object space 77824K, 13% used [0x00000000a0000000,0x00000000a0a88eb8,0x00000000a4c00000)
 Metaspace       used 34566K, capacity 35054K, committed 35456K, reserved 1079296K
  class space    used 4733K, capacity 4870K, committed 4992K, reserved 1048576K
}
Event: 17.781 GC heap before
{Heap before GC invocations=10 (full 2):
 PSYoungGen      total 135680K, used 6068K [0x00000000e0000000, 0x00000000e9800000, 0x0000000100000000)
  eden space 123392K, 0% used [0x00000000e0000000,0x00000000e0000000,0x00000000e7880000)
  from space 12288K, 49% used [0x00000000e8480000,0x00000000e8a6d028,0x00000000e9080000)
  to   space 12288K, 0% used [0x00000000e7880000,0x00000000e7880000,0x00000000e8480000)
 ParOldGen       total 77824K, used 10787K [0x00000000a0000000, 0x00000000a4c00000, 0x00000000e0000000)
  object space 77824K, 13% used [0x00000000a0000000,0x00000000a0a88eb8,0x00000000a4c00000)
 Metaspace       used 34566K, capacity 35054K, committed 35456K, reserved 1079296K
  class space    used 4733K, capacity 4870K, committed 4992K, reserved 1048576K
Event: 17.956 GC heap after
Heap after GC invocations=10 (full 2):
 PSYoungGen      total 135680K, used 0K [0x00000000e0000000, 0x00000000e9800000, 0x0000000100000000)
  eden space 123392K, 0% used [0x00000000e0000000,0x00000000e0000000,0x00000000e7880000)
  from space 12288K, 0% used [0x00000000e8480000,0x00000000e8480000,0x00000000e9080000)
  to   space 12288K, 0% used [0x00000000e7880000,0x00000000e7880000,0x00000000e8480000)
 ParOldGen       total 77824K, used 15053K [0x00000000a0000000, 0x00000000a4c00000, 0x00000000e0000000)
  object space 77824K, 19% used [0x00000000a0000000,0x00000000a0eb3598,0x00000000a4c00000)
 Metaspace       used 34566K, capacity 35054K, committed 35456K, reserved 1079296K
  class space    used 4733K, capacity 4870K, committed 4992K, reserved 1048576K
}

