# JRE version: Java(TM) SE Runtime Environment (8.0_91-b14) (build 1.8.0_91-b14)
# Java VM: Java HotSpot(TM) 64-Bit Server VM (25.91-b14 mixed mode windows-amd64 compressed oops)
Heap:
 PSYoungGen      total 57344K, used 32774K [0x00000000e0000000, 0x00000000e4000000, 0x0000000100000000)
  eden space 49152K, 50% used [0x00000000e0000000,0x00000000e18062b0,0x00000000e3000000)
  from space 8192K, 99% used [0x00000000e3800000,0x00000000e3ffb8a0,0x00000000e4000000)
  to   space 8192K, 0% used [0x00000000e3000000,0x00000000e3000000,0x00000000e3800000)
 ParOldGen       total 131072K, used 2313K [0x00000000a0000000, 0x00000000a8000000, 0x00000000e0000000)
  object space 131072K, 1% used [0x00000000a0000000,0x00000000a02425c8,0x00000000a8000000)
 Metaspace       used 20574K, capacity 20940K, committed 21120K, reserved 1067008K
  class space    used 2738K, capacity 2855K, committed 2944K, reserved 1048576K
GC Heap History (4 events):
Event: 5.119 GC heap before
{Heap before GC invocations=1 (full 0):
 PSYoungGen      total 57344K, used 49152K [0x00000000e0000000, 0x00000000e4000000, 0x0000000100000000)
  eden space 49152K, 100% used [0x00000000e0000000,0x00000000e3000000,0x00000000e3000000)
  from space 8192K, 0% used [0x00000000e3800000,0x00000000e3800000,0x00000000e4000000)
  to   space 8192K, 0% used [0x00000000e3000000,0x00000000e3000000,0x00000000e3800000)
 ParOldGen       total 131072K, used 0K [0x00000000a0000000, 0x00000000a8000000, 0x00000000e0000000)
  object space 131072K, 0% used [0x00000000a0000000,0x00000000a0000000,0x00000000a8000000)
 Metaspace       used 10730K, capacity 11108K, committed 11264K, reserved 1058816K
  class space    used 1400K, capacity 1532K, committed 1536K, reserved 1048576K
Event: 5.131 GC heap after
Heap after GC invocations=1 (full 0):
 PSYoungGen      total 57344K, used 6408K [0x00000000e0000000, 0x00000000e4000000, 0x0000000100000000)
  eden space 49152K, 0% used [0x00000000e0000000,0x00000000e0000000,0x00000000e3000000)
  from space 8192K, 78% used [0x00000000e3000000,0x00000000e3642388,0x00000000e3800000)
  to   space 8192K, 0% used [0x00000000e3800000,0x00000000e3800000,0x00000000e4000000)
 ParOldGen       total 131072K, used 8K [0x00000000a0000000, 0x00000000a8000000, 0x00000000e0000000)
  object space 131072K, 0% used [0x00000000a0000000,0x00000000a0002000,0x00000000a8000000)
 Metaspace       used 10730K, capacity 11108K, committed 11264K, reserved 1058816K
  class space    used 1400K, capacity 1532K, committed 1536K, reserved 1048576K
}
Event: 7.677 GC heap before
{Heap before GC invocations=2 (full 0):
 PSYoungGen      total 57344K, used 55560K [0x00000000e0000000, 0x00000000e4000000, 0x0000000100000000)
  eden space 49152K, 100% used [0x00000000e0000000,0x00000000e3000000,0x00000000e3000000)
  from space 8192K, 78% used [0x00000000e3000000,0x00000000e3642388,0x00000000e3800000)
  to   space 8192K, 0% used [0x00000000e3800000,0x00000000e3800000,0x00000000e4000000)
 ParOldGen       total 131072K, used 8K [0x00000000a0000000, 0x00000000a8000000, 0x00000000e0000000)
  object space 131072K, 0% used [0x00000000a0000000,0x00000000a0002000,0x00000000a8000000)
 Metaspace       used 18379K, capacity 18684K, committed 18816K, reserved 1064960K
  class space    used 2511K, capacity 2620K, committed 2688K, reserved 1048576K
Event: 7.703 GC heap after
Heap after GC invocations=2 (full 0):
 PSYoungGen      total 57344K, used 8174K [0x00000000e0000000, 0x00000000e4000000, 0x0000000100000000)
  eden space 49152K, 0% used [0x00000000e0000000,0x00000000e0000000,0x00000000e3000000)
  from space 8192K, 99% used [0x00000000e3800000,0x00000000e3ffb8a0,0x00000000e4000000)
  to   space 8192K, 0% used [0x00000000e3000000,0x00000000e3000000,0x00000000e3800000)
 ParOldGen       total 131072K, used 2313K [0x00000000a0000000, 0x00000000a8000000, 0x00000000e0000000)
  object space 131072K, 1% used [0x00000000a0000000,0x00000000a02425c8,0x00000000a8000000)
 Metaspace       used 18379K, capacity 18684K, committed 18816K, reserved 1064960K
  class space    used 2511K, capacity 2620K, committed 2688K, reserved 1048576K
}

