# JRE version: Java(TM) SE Runtime Environment (8.0_91-b14) (build 1.8.0_91-b14)
# Java VM: Java HotSpot(TM) 64-Bit Server VM (25.91-b14 mixed mode windows-amd64 compressed oops)
Heap:
 PSYoungGen      total 57344K, used 12021K [0x00000000e0000000, 0x00000000e4000000, 0x0000000100000000)
  eden space 49152K, 7% used [0x00000000e0000000,0x00000000e03beb50,0x00000000e3000000)
  from space 8192K, 99% used [0x00000000e3800000,0x00000000e3ffebb0,0x00000000e4000000)
  to   space 8192K, 0% used [0x00000000e3000000,0x00000000e3000000,0x00000000e3800000)
 ParOldGen       total 131072K, used 2251K [0x00000000a0000000, 0x00000000a8000000, 0x00000000e0000000)
  object space 131072K, 1% used [0x00000000a0000000,0x00000000a0232e88,0x00000000a8000000)
 Metaspace       used 18637K, capacity 18976K, committed 19072K, reserved 1064960K
  class space    used 2545K, capacity 2653K, committed 2688K, reserved 1048576K
GC Heap History (4 events):
Event: 3.719 GC heap before
{Heap before GC invocations=1 (full 0):
 PSYoungGen      total 57344K, used 49152K [0x00000000e0000000, 0x00000000e4000000, 0x0000000100000000)
  eden space 49152K, 100% used [0x00000000e0000000,0x00000000e3000000,0x00000000e3000000)
  from space 8192K, 0% used [0x00000000e3800000,0x00000000e3800000,0x00000000e4000000)
  to   space 8192K, 0% used [0x00000000e3000000,0x00000000e3000000,0x00000000e3800000)
 ParOldGen       total 131072K, used 0K [0x00000000a0000000, 0x00000000a8000000, 0x00000000e0000000)
  object space 131072K, 0% used [0x00000000a0000000,0x00000000a0000000,0x00000000a8000000)
 Metaspace       used 10744K, capacity 11112K, committed 11264K, reserved 1058816K
  class space    used 1400K, capacity 1532K, committed 1536K, reserved 1048576K
Event: 3.729 GC heap after
Heap after GC invocations=1 (full 0):
 PSYoungGen      total 57344K, used 6375K [0x00000000e0000000, 0x00000000e4000000, 0x0000000100000000)
  eden space 49152K, 0% used [0x00000000e0000000,0x00000000e0000000,0x00000000e3000000)
  from space 8192K, 77% used [0x00000000e3000000,0x00000000e3639c00,0x00000000e3800000)
  to   space 8192K, 0% used [0x00000000e3800000,0x00000000e3800000,0x00000000e4000000)
 ParOldGen       total 131072K, used 16K [0x00000000a0000000, 0x00000000a8000000, 0x00000000e0000000)
  object space 131072K, 0% used [0x00000000a0000000,0x00000000a0004000,0x00000000a8000000)
 Metaspace       used 10744K, capacity 11112K, committed 11264K, reserved 1058816K
  class space    used 1400K, capacity 1532K, committed 1536K, reserved 1048576K
}
Event: 5.707 GC heap before
{Heap before GC invocations=2 (full 0):
 PSYoungGen      total 57344K, used 55527K [0x00000000e0000000, 0x00000000e4000000, 0x0000000100000000)
  eden space 49152K, 100% used [0x00000000e0000000,0x00000000e3000000,0x00000000e3000000)
  from space 8192K, 77% used [0x00000000e3000000,0x00000000e3639c00,0x00000000e3800000)
  to   space 8192K, 0% used [0x00000000e3800000,0x00000000e3800000,0x00000000e4000000)
 ParOldGen       total 131072K, used 16K [0x00000000a0000000, 0x00000000a8000000, 0x00000000e0000000)
  object space 131072K, 0% used [0x00000000a0000000,0x00000000a0004000,0x00000000a8000000)
 Metaspace       used 18391K, capacity 18746K, committed 19072K, reserved 1064960K
  class space    used 2510K, capacity 2619K, committed 2688K, reserved 1048576K
Event: 5.735 GC heap after
Heap after GC invocations=2 (full 0):
 PSYoungGen      total 57344K, used 8186K [0x00000000e0000000, 0x00000000e4000000, 0x0000000100000000)
  eden space 49152K, 0% used [0x00000000e0000000,0x00000000e0000000,0x00000000e3000000)
  from space 8192K, 99% used [0x00000000e3800000,0x00000000e3ffebb0,0x00000000e4000000)
  to   space 8192K, 0% used [0x00000000e3000000,0x00000000e3000000,0x00000000e3800000)
 ParOldGen       total 131072K, used 2251K [0x00000000a0000000, 0x00000000a8000000, 0x00000000e0000000)
  object space 131072K, 1% used [0x00000000a0000000,0x00000000a0232e88,0x00000000a8000000)
 Metaspace       used 18391K, capacity 18746K, committed 19072K, reserved 1064960K
  class space    used 2510K, capacity 2619K, committed 2688K, reserved 1048576K
}

