# JRE version: Java(TM) SE Runtime Environment (8.0_91-b14) (build 1.8.0_91-b14)
# Java VM: Java HotSpot(TM) 64-Bit Server VM (25.91-b14 mixed mode windows-amd64 compressed oops)
Heap:
 PSYoungGen      total 104448K, used 1856K [0x00000000e0000000, 0x00000000e7780000, 0x0000000100000000)
  eden space 96256K, 1% used [0x00000000e0000000,0x00000000e01d02f0,0x00000000e5e00000)
  from space 8192K, 0% used [0x00000000e5e00000,0x00000000e5e00000,0x00000000e6600000)
  to   space 11264K, 0% used [0x00000000e6c80000,0x00000000e6c80000,0x00000000e7780000)
 ParOldGen       total 86528K, used 15449K [0x00000000a0000000, 0x00000000a5480000, 0x00000000e0000000)
  object space 86528K, 17% used [0x00000000a0000000,0x00000000a0f166f0,0x00000000a5480000)
 Metaspace       used 34653K, capacity 35218K, committed 35712K, reserved 1079296K
  class space    used 4745K, capacity 4902K, committed 4992K, reserved 1048576K
GC Heap History (10 events):
Event: 6.161 GC heap before
{Heap before GC invocations=5 (full 1):
 PSYoungGen      total 57344K, used 49152K [0x00000000e0000000, 0x00000000e7000000, 0x0000000100000000)
  eden space 49152K, 100% used [0x00000000e0000000,0x00000000e3000000,0x00000000e3000000)
  from space 8192K, 0% used [0x00000000e3000000,0x00000000e3000000,0x00000000e3800000)
  to   space 8192K, 0% used [0x00000000e6800000,0x00000000e6800000,0x00000000e7000000)
 ParOldGen       total 86528K, used 8486K [0x00000000a0000000, 0x00000000a5480000, 0x00000000e0000000)
  object space 86528K, 9% used [0x00000000a0000000,0x00000000a0849b88,0x00000000a5480000)
 Metaspace       used 24867K, capacity 25314K, committed 25728K, reserved 1071104K
  class space    used 3471K, capacity 3607K, committed 3712K, reserved 1048576K
Event: 6.176 GC heap after
Heap after GC invocations=5 (full 1):
 PSYoungGen      total 77312K, used 6039K [0x00000000e0000000, 0x00000000e6e00000, 0x0000000100000000)
  eden space 71168K, 0% used [0x00000000e0000000,0x00000000e0000000,0x00000000e4580000)
  from space 6144K, 98% used [0x00000000e6800000,0x00000000e6de5f30,0x00000000e6e00000)
  to   space 8192K, 0% used [0x00000000e5e00000,0x00000000e5e00000,0x00000000e6600000)
 ParOldGen       total 86528K, used 8486K [0x00000000a0000000, 0x00000000a5480000, 0x00000000e0000000)
  object space 86528K, 9% used [0x00000000a0000000,0x00000000a0849b88,0x00000000a5480000)
 Metaspace       used 24867K, capacity 25314K, committed 25728K, reserved 1071104K
  class space    used 3471K, capacity 3607K, committed 3712K, reserved 1048576K
}
Event: 8.882 GC heap before
{Heap before GC invocations=6 (full 1):
 PSYoungGen      total 77312K, used 77207K [0x00000000e0000000, 0x00000000e6e00000, 0x0000000100000000)
  eden space 71168K, 100% used [0x00000000e0000000,0x00000000e4580000,0x00000000e4580000)
  from space 6144K, 98% used [0x00000000e6800000,0x00000000e6de5f30,0x00000000e6e00000)
  to   space 8192K, 0% used [0x00000000e5e00000,0x00000000e5e00000,0x00000000e6600000)
 ParOldGen       total 86528K, used 8486K [0x00000000a0000000, 0x00000000a5480000, 0x00000000e0000000)
  object space 86528K, 9% used [0x00000000a0000000,0x00000000a0849b88,0x00000000a5480000)
 Metaspace       used 27836K, capacity 28314K, committed 28672K, reserved 1073152K
  class space    used 3883K, capacity 4027K, committed 4096K, reserved 1048576K
Event: 8.894 GC heap after
Heap after GC invocations=6 (full 1):
 PSYoungGen      total 104448K, used 6241K [0x00000000e0000000, 0x00000000e7780000, 0x0000000100000000)
  eden space 96256K, 0% used [0x00000000e0000000,0x00000000e0000000,0x00000000e5e00000)
  from space 8192K, 76% used [0x00000000e5e00000,0x00000000e6418650,0x00000000e6600000)
  to   space 11264K, 0% used [0x00000000e6c80000,0x00000000e6c80000,0x00000000e7780000)
 ParOldGen       total 86528K, used 8494K [0x00000000a0000000, 0x00000000a5480000, 0x00000000e0000000)
  object space 86528K, 9% used [0x00000000a0000000,0x00000000a084bb88,0x00000000a5480000)
 Metaspace       used 27836K, capacity 28314K, committed 28672K, reserved 1073152K
  class space    used 3883K, capacity 4027K, committed 4096K, reserved 1048576K
}
Event: 12.278 GC heap before
{Heap before GC invocations=7 (full 1):
 PSYoungGen      total 104448K, used 102497K [0x00000000e0000000, 0x00000000e7780000, 0x0000000100000000)
  eden space 96256K, 100% used [0x00000000e0000000,0x00000000e5e00000,0x00000000e5e00000)
  from space 8192K, 76% used [0x00000000e5e00000,0x00000000e6418650,0x00000000e6600000)
  to   space 11264K, 0% used [0x00000000e6c80000,0x00000000e6c80000,0x00000000e7780000)
 ParOldGen       total 86528K, used 8494K [0x00000000a0000000, 0x00000000a5480000, 0x00000000e0000000)
  object space 86528K, 9% used [0x00000000a0000000,0x00000000a084bb88,0x00000000a5480000)
 Metaspace       used 32681K, capacity 33294K, committed 33664K, reserved 1079296K
  class space    used 4490K, capacity 4672K, committed 4736K, reserved 1048576K
Event: 12.302 GC heap after
Heap after GC invocations=7 (full 1):
 PSYoungGen      total 107520K, used 10027K [0x00000000e0000000, 0x00000000e7780000, 0x0000000100000000)
  eden space 96256K, 0% used [0x00000000e0000000,0x00000000e0000000,0x00000000e5e00000)
  from space 11264K, 89% used [0x00000000e6c80000,0x00000000e764aee0,0x00000000e7780000)
  to   space 8192K, 0% used [0x00000000e5e00000,0x00000000e5e00000,0x00000000e6600000)
 ParOldGen       total 86528K, used 8494K [0x00000000a0000000, 0x00000000a5480000, 0x00000000e0000000)
  object space 86528K, 9% used [0x00000000a0000000,0x00000000a084bb88,0x00000000a5480000)
 Metaspace       used 32681K, capacity 33294K, committed 33664K, reserved 1079296K
  class space    used 4490K, capacity 4672K, committed 4736K, reserved 1048576K
}
Event: 12.703 GC heap before
{Heap before GC invocations=8 (full 1):
 PSYoungGen      total 107520K, used 29803K [0x00000000e0000000, 0x00000000e7780000, 0x0000000100000000)
  eden space 96256K, 20% used [0x00000000e0000000,0x00000000e134fe48,0x00000000e5e00000)
  from space 11264K, 89% used [0x00000000e6c80000,0x00000000e764aee0,0x00000000e7780000)
  to   space 8192K, 0% used [0x00000000e5e00000,0x00000000e5e00000,0x00000000e6600000)
 ParOldGen       total 86528K, used 8494K [0x00000000a0000000, 0x00000000a5480000, 0x00000000e0000000)
  object space 86528K, 9% used [0x00000000a0000000,0x00000000a084bb88,0x00000000a5480000)
 Metaspace       used 34577K, capacity 35090K, committed 35456K, reserved 1079296K
  class space    used 4739K, capacity 4902K, committed 4992K, reserved 1048576K
Event: 12.717 GC heap after
Heap after GC invocations=8 (full 1):
 PSYoungGen      total 104448K, used 8172K [0x00000000e0000000, 0x00000000e7780000, 0x0000000100000000)
  eden space 96256K, 0% used [0x00000000e0000000,0x00000000e0000000,0x00000000e5e00000)
  from space 8192K, 99% used [0x00000000e5e00000,0x00000000e65fb1b8,0x00000000e6600000)
  to   space 11264K, 0% used [0x00000000e6c80000,0x00000000e6c80000,0x00000000e7780000)
 ParOldGen       total 86528K, used 9125K [0x00000000a0000000, 0x00000000a5480000, 0x00000000e0000000)
  object space 86528K, 10% used [0x00000000a0000000,0x00000000a08e9450,0x00000000a5480000)
 Metaspace       used 34577K, capacity 35090K, committed 35456K, reserved 1079296K
  class space    used 4739K, capacity 4902K, committed 4992K, reserved 1048576K
}
Event: 12.717 GC heap before
{Heap before GC invocations=9 (full 2):
 PSYoungGen      total 104448K, used 8172K [0x00000000e0000000, 0x00000000e7780000, 0x0000000100000000)
  eden space 96256K, 0% used [0x00000000e0000000,0x00000000e0000000,0x00000000e5e00000)
  from space 8192K, 99% used [0x00000000e5e00000,0x00000000e65fb1b8,0x00000000e6600000)
  to   space 11264K, 0% used [0x00000000e6c80000,0x00000000e6c80000,0x00000000e7780000)
 ParOldGen       total 86528K, used 9125K [0x00000000a0000000, 0x00000000a5480000, 0x00000000e0000000)
  object space 86528K, 10% used [0x00000000a0000000,0x00000000a08e9450,0x00000000a5480000)
 Metaspace       used 34577K, capacity 35090K, committed 35456K, reserved 1079296K
  class space    used 4739K, capacity 4902K, committed 4992K, reserved 1048576K
Event: 12.904 GC heap after
Heap after GC invocations=9 (full 2):
 PSYoungGen      total 104448K, used 0K [0x00000000e0000000, 0x00000000e7780000, 0x0000000100000000)
  eden space 96256K, 0% used [0x00000000e0000000,0x00000000e0000000,0x00000000e5e00000)
  from space 8192K, 0% used [0x00000000e5e00000,0x00000000e5e00000,0x00000000e6600000)
  to   space 11264K, 0% used [0x00000000e6c80000,0x00000000e6c80000,0x00000000e7780000)
 ParOldGen       total 86528K, used 15449K [0x00000000a0000000, 0x00000000a5480000, 0x00000000e0000000)
  object space 86528K, 17% used [0x00000000a0000000,0x00000000a0f166f0,0x00000000a5480000)
 Metaspace       used 34577K, capacity 35090K, committed 35456K, reserved 1079296K
  class space    used 4739K, capacity 4902K, committed 4992K, reserved 1048576K
}

